> Task :app:preBuild UP-TO-DATE
> Task :app:preAppReleaseBuild UP-TO-DATE
> Task :app:mergeAppReleaseJniLibFolders UP-TO-DATE
> Task :modules:book:preBuild UP-TO-DATE
> Task :modules:book:preReleaseBuild UP-TO-DATE
> Task :modules:book:mergeReleaseJniLibFolders UP-TO-DATE
> Task :modules:book:mergeReleaseNativeLibs NO-SOURCE
> Task :modules:book:copyReleaseJniLibsProjectOnly UP-TO-DATE
> Task :modules:rhino:preBuild UP-TO-DATE
> Task :modules:rhino:preReleaseBuild UP-TO-DATE
> Task :modules:rhino:mergeReleaseJniLibFolders UP-TO-DATE
> Task :modules:rhino:mergeReleaseNativeLibs NO-SOURCE
> Task :modules:rhino:copyReleaseJniLibsProjectOnly UP-TO-DATE
> Task :app:mergeAppReleaseNativeLibs UP-TO-DATE
> Task :app:stripAppReleaseDebugSymbols UP-TO-DATE
> Task :app:extractAppReleaseNativeSymbolTables UP-TO-DATE
> Task :app:mergeAppReleaseNativeDebugMetadata NO-SOURCE
> Task :modules:book:prepareReleaseArtProfile UP-TO-DATE
> Task :modules:rhino:prepareReleaseArtProfile UP-TO-DATE
> Task :app:mergeAppReleaseArtProfile UP-TO-DATE
> Task :app:expandAppReleaseL8ArtProfileWildcards UP-TO-DATE
> Task :modules:book:checkKotlinGradlePluginConfigurationErrors SKIPPED
> Task :modules:book:generateReleaseResources UP-TO-DATE
> Task :modules:book:packageReleaseResources UP-TO-DATE
> Task :modules:book:processReleaseNavigationResources UP-TO-DATE
> Task :modules:book:parseReleaseLocalResources UP-TO-DATE
> Task :modules:book:generateReleaseRFile UP-TO-DATE
> Task :modules:book:compileReleaseKotlin NO-SOURCE
> Task :modules:book:javaPreCompileRelease UP-TO-DATE
> Task :modules:book:compileReleaseJavaWithJavac UP-TO-DATE
> Task :modules:book:mergeReleaseGeneratedProguardFiles UP-TO-DATE
> Task :modules:book:exportReleaseConsumerProguardFiles UP-TO-DATE
> Task :modules:rhino:checkKotlinGradlePluginConfigurationErrors SKIPPED
> Task :modules:rhino:generateReleaseResources UP-TO-DATE
> Task :modules:rhino:packageReleaseResources UP-TO-DATE
> Task :modules:rhino:processReleaseNavigationResources UP-TO-DATE
> Task :modules:rhino:parseReleaseLocalResources UP-TO-DATE
> Task :modules:rhino:generateReleaseRFile UP-TO-DATE
> Task :modules:rhino:compileReleaseKotlin UP-TO-DATE
> Task :modules:rhino:javaPreCompileRelease UP-TO-DATE
> Task :modules:rhino:compileReleaseJavaWithJavac NO-SOURCE
> Task :modules:rhino:mergeReleaseGeneratedProguardFiles UP-TO-DATE
> Task :modules:rhino:exportReleaseConsumerProguardFiles UP-TO-DATE
> Task :app:buildKotlinToolingMetadata UP-TO-DATE
> Task :app:checkAppReleaseDuplicateClasses UP-TO-DATE
> Task :app:checkKotlinGradlePluginConfigurationErrors SKIPPED
> Task :app:dataBindingMergeDependencyArtifactsAppRelease UP-TO-DATE
> Task :app:generateAppReleaseResources UP-TO-DATE
> Task :app:processAppReleaseGoogleServices UP-TO-DATE
> Task :app:mergeAppReleaseResources UP-TO-DATE
> Task :app:packageAppReleaseResources UP-TO-DATE
> Task :app:processAppReleaseNavigationResources UP-TO-DATE
> Task :app:parseAppReleaseLocalResources UP-TO-DATE
> Task :app:dataBindingGenBaseClassesAppRelease UP-TO-DATE
> Task :app:generateAppReleaseBuildConfig UP-TO-DATE
> Task :modules:book:writeReleaseAarMetadata UP-TO-DATE
> Task :modules:rhino:writeReleaseAarMetadata UP-TO-DATE
> Task :app:checkAppReleaseAarMetadata UP-TO-DATE
> Task :app:compileAppReleaseNavigationResources UP-TO-DATE
> Task :app:mapAppReleaseSourceSetPaths UP-TO-DATE
> Task :app:createAppReleaseCompatibleScreenManifests UP-TO-DATE
> Task :app:extractDeepLinksAppRelease UP-TO-DATE
> Task :modules:book:extractDeepLinksRelease UP-TO-DATE
> Task :modules:book:processReleaseManifest UP-TO-DATE
> Task :modules:rhino:extractDeepLinksRelease UP-TO-DATE
> Task :modules:rhino:processReleaseManifest UP-TO-DATE
> Task :app:processAppReleaseMainManifest UP-TO-DATE
> Task :app:processAppReleaseManifest UP-TO-DATE
> Task :app:processAppReleaseManifestForPackage UP-TO-DATE
> Task :app:processAppReleaseResources UP-TO-DATE
> Task :modules:book:bundleLibCompileToJarRelease UP-TO-DATE
> Task :modules:rhino:bundleLibCompileToJarRelease UP-TO-DATE
> Task :app:javaPreCompileAppRelease UP-TO-DATE
> Task :modules:book:bundleLibRuntimeToJarRelease UP-TO-DATE
> Task :modules:rhino:bundleLibRuntimeToJarRelease UP-TO-DATE
> Task :app:extractProguardFiles UP-TO-DATE
> Task :modules:book:processReleaseJavaRes UP-TO-DATE
> Task :modules:rhino:processReleaseJavaRes UP-TO-DATE
> Task :app:mergeAppReleaseStartupProfile UP-TO-DATE
> Task :app:generateAppReleaseAssets UP-TO-DATE
> Task :modules:book:generateReleaseAssets UP-TO-DATE
> Task :modules:book:mergeReleaseAssets UP-TO-DATE
> Task :modules:rhino:generateReleaseAssets UP-TO-DATE
> Task :modules:rhino:mergeReleaseAssets UP-TO-DATE
> Task :app:mergeAppReleaseAssets UP-TO-DATE
> Task :app:compressAppReleaseAssets UP-TO-DATE
> Task :app:extractAppReleaseVersionControlInfo UP-TO-DATE
> Task :modules:book:createFullJarRelease UP-TO-DATE
> Task :modules:book:extractProguardFiles UP-TO-DATE
> Task :modules:book:generateReleaseLintModel UP-TO-DATE
> Task :modules:book:prepareLintJarForPublish UP-TO-DATE
> Task :modules:rhino:createFullJarRelease UP-TO-DATE
> Task :modules:rhino:extractProguardFiles UP-TO-DATE
> Task :modules:rhino:generateReleaseLintModel UP-TO-DATE
> Task :modules:rhino:prepareLintJarForPublish UP-TO-DATE
> Task :modules:book:checkReleaseAarMetadata UP-TO-DATE
> Task :modules:book:stripReleaseDebugSymbols NO-SOURCE
> Task :modules:book:copyReleaseJniLibsProjectAndLocalJars UP-TO-DATE
> Task :modules:book:extractDeepLinksForAarRelease UP-TO-DATE
> Task :modules:book:extractReleaseAnnotations UP-TO-DATE
> Task :modules:book:mergeReleaseConsumerProguardFiles UP-TO-DATE
> Task :modules:book:mergeReleaseJavaResource UP-TO-DATE
> Task :modules:book:syncReleaseLibJars UP-TO-DATE
> Task :modules:book:bundleReleaseLocalLintAar UP-TO-DATE
> Task :modules:rhino:checkReleaseAarMetadata UP-TO-DATE
> Task :modules:rhino:stripReleaseDebugSymbols NO-SOURCE
> Task :modules:rhino:copyReleaseJniLibsProjectAndLocalJars UP-TO-DATE
> Task :modules:rhino:extractDeepLinksForAarRelease UP-TO-DATE
> Task :modules:rhino:extractReleaseAnnotations UP-TO-DATE
> Task :modules:rhino:mergeReleaseConsumerProguardFiles UP-TO-DATE
> Task :modules:rhino:mergeReleaseJavaResource UP-TO-DATE
> Task :modules:rhino:syncReleaseLibJars UP-TO-DATE
> Task :modules:rhino:bundleReleaseLocalLintAar UP-TO-DATE
> Task :modules:book:writeReleaseLintModelMetadata UP-TO-DATE
> Task :modules:rhino:writeReleaseLintModelMetadata UP-TO-DATE
> Task :modules:book:generateReleaseLintVitalModel UP-TO-DATE
> Task :modules:rhino:generateReleaseLintVitalModel UP-TO-DATE
> Task :app:collectAppReleaseDependencies UP-TO-DATE
> Task :app:sdkAppReleaseDependencyData UP-TO-DATE
> Task :app:validateSigningAppRelease UP-TO-DATE
> Task :app:writeAppReleaseAppMetadata UP-TO-DATE
> Task :app:writeAppReleaseSigningConfigVersions UP-TO-DATE
> Task :modules:book:lintVitalAnalyzeRelease
> Task :modules:rhino:lintVitalAnalyzeRelease

> Task :app:kspAppReleaseKotlin
e: [ksp] C:/Users/Admin/legado-local/app/src/main/java/io/dushu/app/data/AppDatabase.kt:130: Schema '43.json' required for migration was not found at the schema out folder: C:\Users\Admin\legado-local\app\schemas\io.dushu.app.data.AppDatabase. Cannot generate auto migrations.
e: [ksp] C:/Users/Admin/legado-local/app/src/main/java/io/dushu/app/data/AppDatabase.kt:130: Schema '44.json' required for migration was not found at the schema out folder: C:\Users\Admin\legado-local\app\schemas\io.dushu.app.data.AppDatabase. Cannot generate auto migrations.
e: [ksp] C:/Users/Admin/legado-local/app/src/main/java/io/dushu/app/data/AppDatabase.kt:130: Schema '45.json' required for migration was not found at the schema out folder: C:\Users\Admin\legado-local\app\schemas\io.dushu.app.data.AppDatabase. Cannot generate auto migrations.
e: [ksp] C:/Users/Admin/legado-local/app/src/main/java/io/dushu/app/data/AppDatabase.kt:130: Schema '46.json' required for migration was not found at the schema out folder: C:\Users\Admin\legado-local\app\schemas\io.dushu.app.data.AppDatabase. Cannot generate auto migrations.
e: [ksp] C:/Users/Admin/legado-local/app/src/main/java/io/dushu/app/data/AppDatabase.kt:130: Schema '47.json' required for migration was not found at the schema out folder: C:\Users\Admin\legado-local\app\schemas\io.dushu.app.data.AppDatabase. Cannot generate auto migrations.
e: [ksp] C:/Users/Admin/legado-local/app/src/main/java/io/dushu/app/data/AppDatabase.kt:130: Schema '48.json' required for migration was not found at the schema out folder: C:\Users\Admin\legado-local\app\schemas\io.dushu.app.data.AppDatabase. Cannot generate auto migrations.
e: [ksp] C:/Users/Admin/legado-local/app/src/main/java/io/dushu/app/data/AppDatabase.kt:130: Schema '49.json' required for migration was not found at the schema out folder: C:\Users\Admin\legado-local\app\schemas\io.dushu.app.data.AppDatabase. Cannot generate auto migrations.
e: [ksp] C:/Users/Admin/legado-local/app/src/main/java/io/dushu/app/data/AppDatabase.kt:130: Schema '50.json' required for migration was not found at the schema out folder: C:\Users\Admin\legado-local\app\schemas\io.dushu.app.data.AppDatabase. Cannot generate auto migrations.
e: [ksp] C:/Users/Admin/legado-local/app/src/main/java/io/dushu/app/data/AppDatabase.kt:130: Schema '51.json' required for migration was not found at the schema out folder: C:\Users\Admin\legado-local\app\schemas\io.dushu.app.data.AppDatabase. Cannot generate auto migrations.
e: [ksp] C:/Users/Admin/legado-local/app/src/main/java/io/dushu/app/data/AppDatabase.kt:130: Schema '52.json' required for migration was not found at the schema out folder: C:\Users\Admin\legado-local\app\schemas\io.dushu.app.data.AppDatabase. Cannot generate auto migrations.
e: [ksp] C:/Users/Admin/legado-local/app/src/main/java/io/dushu/app/data/AppDatabase.kt:130: Schema '53.json' required for migration was not found at the schema out folder: C:\Users\Admin\legado-local\app\schemas\io.dushu.app.data.AppDatabase. Cannot generate auto migrations.
e: [ksp] C:/Users/Admin/legado-local/app/src/main/java/io/dushu/app/data/AppDatabase.kt:130: Schema '54.json' required for migration was not found at the schema out folder: C:\Users\Admin\legado-local\app\schemas\io.dushu.app.data.AppDatabase. Cannot generate auto migrations.
e: [ksp] C:/Users/Admin/legado-local/app/src/main/java/io/dushu/app/data/AppDatabase.kt:130: Schema '55.json' required for migration was not found at the schema out folder: C:\Users\Admin\legado-local\app\schemas\io.dushu.app.data.AppDatabase. Cannot generate auto migrations.
e: [ksp] C:/Users/Admin/legado-local/app/src/main/java/io/dushu/app/data/AppDatabase.kt:130: Schema '56.json' required for migration was not found at the schema out folder: C:\Users\Admin\legado-local\app\schemas\io.dushu.app.data.AppDatabase. Cannot generate auto migrations.
e: [ksp] C:/Users/Admin/legado-local/app/src/main/java/io/dushu/app/data/AppDatabase.kt:130: Schema '57.json' required for migration was not found at the schema out folder: C:\Users\Admin\legado-local\app\schemas\io.dushu.app.data.AppDatabase. Cannot generate auto migrations.
e: [ksp] C:/Users/Admin/legado-local/app/src/main/java/io/dushu/app/data/AppDatabase.kt:130: Schema '58.json' required for migration was not found at the schema out folder: C:\Users\Admin\legado-local\app\schemas\io.dushu.app.data.AppDatabase. Cannot generate auto migrations.
e: [ksp] C:/Users/Admin/legado-local/app/src/main/java/io/dushu/app/data/AppDatabase.kt:130: Schema '59.json' required for migration was not found at the schema out folder: C:\Users\Admin\legado-local\app\schemas\io.dushu.app.data.AppDatabase. Cannot generate auto migrations.
e: [ksp] C:/Users/Admin/legado-local/app/src/main/java/io/dushu/app/data/AppDatabase.kt:130: Schema '60.json' required for migration was not found at the schema out folder: C:\Users\Admin\legado-local\app\schemas\io.dushu.app.data.AppDatabase. Cannot generate auto migrations.
e: [ksp] C:/Users/Admin/legado-local/app/src/main/java/io/dushu/app/data/AppDatabase.kt:130: Schema '61.json' required for migration was not found at the schema out folder: C:\Users\Admin\legado-local\app\schemas\io.dushu.app.data.AppDatabase. Cannot generate auto migrations.
e: [ksp] C:/Users/Admin/legado-local/app/src/main/java/io/dushu/app/data/AppDatabase.kt:130: Schema '62.json' required for migration was not found at the schema out folder: C:\Users\Admin\legado-local\app\schemas\io.dushu.app.data.AppDatabase. Cannot generate auto migrations.
e: [ksp] C:/Users/Admin/legado-local/app/src/main/java/io/dushu/app/data/AppDatabase.kt:130: Schema '63.json' required for migration was not found at the schema out folder: C:\Users\Admin\legado-local\app\schemas\io.dushu.app.data.AppDatabase. Cannot generate auto migrations.
e: [ksp] C:/Users/Admin/legado-local/app/src/main/java/io/dushu/app/data/AppDatabase.kt:130: Schema '64.json' required for migration was not found at the schema out folder: C:\Users\Admin\legado-local\app\schemas\io.dushu.app.data.AppDatabase. Cannot generate auto migrations.
e: [ksp] C:/Users/Admin/legado-local/app/src/main/java/io/dushu/app/data/AppDatabase.kt:130: Schema '65.json' required for migration was not found at the schema out folder: C:\Users\Admin\legado-local\app\schemas\io.dushu.app.data.AppDatabase. Cannot generate auto migrations.
e: [ksp] C:/Users/Admin/legado-local/app/src/main/java/io/dushu/app/data/AppDatabase.kt:130: Schema '66.json' required for migration was not found at the schema out folder: C:\Users\Admin\legado-local\app\schemas\io.dushu.app.data.AppDatabase. Cannot generate auto migrations.
e: [ksp] C:/Users/Admin/legado-local/app/src/main/java/io/dushu/app/data/AppDatabase.kt:130: Schema '67.json' required for migration was not found at the schema out folder: C:\Users\Admin\legado-local\app\schemas\io.dushu.app.data.AppDatabase. Cannot generate auto migrations.
e: [ksp] C:/Users/Admin/legado-local/app/src/main/java/io/dushu/app/data/AppDatabase.kt:130: Schema '68.json' required for migration was not found at the schema out folder: C:\Users\Admin\legado-local\app\schemas\io.dushu.app.data.AppDatabase. Cannot generate auto migrations.
e: [ksp] C:/Users/Admin/legado-local/app/src/main/java/io/dushu/app/data/AppDatabase.kt:130: Schema '69.json' required for migration was not found at the schema out folder: C:\Users\Admin\legado-local\app\schemas\io.dushu.app.data.AppDatabase. Cannot generate auto migrations.
e: [ksp] C:/Users/Admin/legado-local/app/src/main/java/io/dushu/app/data/AppDatabase.kt:130: Schema '70.json' required for migration was not found at the schema out folder: C:\Users\Admin\legado-local\app\schemas\io.dushu.app.data.AppDatabase. Cannot generate auto migrations.
e: [ksp] C:/Users/Admin/legado-local/app/src/main/java/io/dushu/app/data/AppDatabase.kt:130: Schema '71.json' required for migration was not found at the schema out folder: C:\Users\Admin\legado-local\app\schemas\io.dushu.app.data.AppDatabase. Cannot generate auto migrations.
e: [ksp] C:/Users/Admin/legado-local/app/src/main/java/io/dushu/app/data/AppDatabase.kt:130: Schema '72.json' required for migration was not found at the schema out folder: C:\Users\Admin\legado-local\app\schemas\io.dushu.app.data.AppDatabase. Cannot generate auto migrations.
e: [ksp] C:/Users/Admin/legado-local/app/src/main/java/io/dushu/app/data/AppDatabase.kt:130: Schema '73.json' required for migration was not found at the schema out folder: C:\Users\Admin\legado-local\app\schemas\io.dushu.app.data.AppDatabase. Cannot generate auto migrations.
e: [ksp] C:/Users/Admin/legado-local/app/src/main/java/io/dushu/app/data/AppDatabase.kt:130: Schema '74.json' required for migration was not found at the schema out folder: C:\Users\Admin\legado-local\app\schemas\io.dushu.app.data.AppDatabase. Cannot generate auto migrations.
e: [ksp] C:/Users/Admin/legado-local/app/src/main/java/io/dushu/app/data/AppDatabase.kt:130: Schema '75.json' required for migration was not found at the schema out folder: C:\Users\Admin\legado-local\app\schemas\io.dushu.app.data.AppDatabase. Cannot generate auto migrations.
e: [ksp] C:/Users/Admin/legado-local/app/src/main/java/io/dushu/app/data/AppDatabase.kt:130: Schema '76.json' required for migration was not found at the schema out folder: C:\Users\Admin\legado-local\app\schemas\io.dushu.app.data.AppDatabase. Cannot generate auto migrations.
e: [ksp] C:/Users/Admin/legado-local/app/src/main/java/io/dushu/app/data/AppDatabase.kt:130: Schema '77.json' required for migration was not found at the schema out folder: C:\Users\Admin\legado-local\app\schemas\io.dushu.app.data.AppDatabase. Cannot generate auto migrations.
e: [ksp] C:/Users/Admin/legado-local/app/src/main/java/io/dushu/app/data/AppDatabase.kt:130: Schema '78.json' required for migration was not found at the schema out folder: C:\Users\Admin\legado-local\app\schemas\io.dushu.app.data.AppDatabase. Cannot generate auto migrations.
e: [ksp] C:/Users/Admin/legado-local/app/src/main/java/io/dushu/app/data/AppDatabase.kt:130: Schema '79.json' required for migration was not found at the schema out folder: C:\Users\Admin\legado-local\app\schemas\io.dushu.app.data.AppDatabase. Cannot generate auto migrations.
e: [ksp] C:/Users/Admin/legado-local/app/src/main/java/io/dushu/app/data/AppDatabase.kt:130: Schema '80.json' required for migration was not found at the schema out folder: C:\Users\Admin\legado-local\app\schemas\io.dushu.app.data.AppDatabase. Cannot generate auto migrations.
e: [ksp] C:/Users/Admin/legado-local/app/src/main/java/io/dushu/app/data/AppDatabase.kt:130: Schema '81.json' required for migration was not found at the schema out folder: C:\Users\Admin\legado-local\app\schemas\io.dushu.app.data.AppDatabase. Cannot generate auto migrations.
e: [ksp] C:/Users/Admin/legado-local/app/src/main/java/io/dushu/app/data/AppDatabase.kt:130: Schema '82.json' required for migration was not found at the schema out folder: C:\Users\Admin\legado-local\app\schemas\io.dushu.app.data.AppDatabase. Cannot generate auto migrations.
e: [ksp] C:/Users/Admin/legado-local/app/src/main/java/io/dushu/app/data/AppDatabase.kt:130: Schema '83.json' required for migration was not found at the schema out folder: C:\Users\Admin\legado-local\app\schemas\io.dushu.app.data.AppDatabase. Cannot generate auto migrations.
e: [ksp] C:/Users/Admin/legado-local/app/src/main/java/io/dushu/app/data/AppDatabase.kt:130: Schema '84.json' required for migration was not found at the schema out folder: C:\Users\Admin\legado-local\app\schemas\io.dushu.app.data.AppDatabase. Cannot generate auto migrations.
e: [ksp] C:/Users/Admin/legado-local/app/src/main/java/io/dushu/app/data/AppDatabase.kt:130: Schema '85.json' required for migration was not found at the schema out folder: C:\Users\Admin\legado-local\app\schemas\io.dushu.app.data.AppDatabase. Cannot generate auto migrations.
e: [ksp] C:/Users/Admin/legado-local/app/src/main/java/io/dushu/app/data/AppDatabase.kt:130: Schema '86.json' required for migration was not found at the schema out folder: C:\Users\Admin\legado-local\app\schemas\io.dushu.app.data.AppDatabase. Cannot generate auto migrations.
e: [ksp] C:/Users/Admin/legado-local/app/src/main/java/io/dushu/app/data/AppDatabase.kt:130: Schema '87.json' required for migration was not found at the schema out folder: C:\Users\Admin\legado-local\app\schemas\io.dushu.app.data.AppDatabase. Cannot generate auto migrations.
e: [ksp] C:/Users/Admin/legado-local/app/src/main/java/io/dushu/app/data/AppDatabase.kt:130: Schema '88.json' required for migration was not found at the schema out folder: C:\Users\Admin\legado-local\app\schemas\io.dushu.app.data.AppDatabase. Cannot generate auto migrations.

> Task :app:kspAppReleaseKotlin FAILED
> Task :app:copyRoomSchemas NO-SOURCE

[Incubating] Problems report is available at: file:///C:/Users/Admin/legado-local/build/reports/problems/problems-report.html

Deprecated Gradle features were used in this build, making it incompatible with Gradle 9.0.

You can use '--warning-mode all' to show the individual deprecation warnings and determine if they come from your own scripts or plugins.

For more on this, please refer to https://docs.gradle.org/8.14.3/userguide/command_line_interface.html#sec:command_line_warnings in the Gradle documentation.
106 actionable tasks: 3 executed, 103 up-to-date
